2026-02-18 00:00:18.340 [pool-1-thread-5] INFO  c.gateway.service.HealthCheckService - Performing health checks on 7 targets
2026-02-18 00:00:48.340 [pool-1-thread-5] INFO  c.gateway.service.HealthCheckService - Performing health checks on 7 targets
2026-02-18 00:01:18.340 [pool-1-thread-5] INFO  c.gateway.service.HealthCheckService - Performing health checks on 7 targets
2026-02-18 00:01:48.340 [pool-1-thread-5] INFO  c.gateway.service.HealthCheckService - Performing health checks on 7 targets
2026-02-18 00:02:18.341 [pool-1-thread-5] INFO  c.gateway.service.HealthCheckService - Performing health checks on 7 targets
2026-02-18 00:02:48.340 [pool-1-thread-5] INFO  c.gateway.service.HealthCheckService - Performing health checks on 7 targets
2026-02-18 00:03:18.341 [pool-1-thread-5] INFO  c.gateway.service.HealthCheckService - Performing health checks on 7 targets
2026-02-18 00:03:48.340 [pool-1-thread-5] INFO  c.gateway.service.HealthCheckService - Performing health checks on 7 targets
2026-02-18 00:04:18.341 [pool-1-thread-5] INFO  c.gateway.service.HealthCheckService - Performing health checks on 7 targets
2026-02-18 00:04:48.340 [pool-1-thread-5] INFO  c.gateway.service.HealthCheckService - Performing health checks on 7 targets
2026-02-18 00:05:18.341 [pool-1-thread-5] INFO  c.gateway.service.HealthCheckService - Performing health checks on 7 targets
2026-02-18 00:05:48.340 [pool-1-thread-5] INFO  c.gateway.service.HealthCheckService - Performing health checks on 7 targets
2026-02-18 00:06:18.341 [pool-1-thread-5] INFO  c.gateway.service.HealthCheckService - Performing health checks on 7 targets
2026-02-18 00:06:48.340 [pool-1-thread-5] INFO  c.gateway.service.HealthCheckService - Performing health checks on 7 targets
2026-02-18 00:07:18.340 [pool-1-thread-5] INFO  c.gateway.service.HealthCheckService - Performing health checks on 7 targets
2026-02-18 00:07:48.340 [pool-1-thread-5] INFO  c.gateway.service.HealthCheckService - Performing health checks on 7 targets
2026-02-18 00:08:18.340 [pool-1-thread-5] INFO  c.gateway.service.HealthCheckService - Performing health checks on 7 targets
2026-02-18 00:08:48.340 [pool-1-thread-5] INFO  c.gateway.service.HealthCheckService - Performing health checks on 7 targets
2026-02-18 00:09:18.340 [pool-1-thread-5] INFO  c.gateway.service.HealthCheckService - Performing health checks on 7 targets
2026-02-18 00:09:48.341 [pool-1-thread-5] INFO  c.gateway.service.HealthCheckService - Performing health checks on 7 targets
2026-02-18 00:10:18.341 [pool-1-thread-5] INFO  c.gateway.service.HealthCheckService - Performing health checks on 7 targets
2026-02-18 00:10:48.341 [pool-1-thread-5] INFO  c.gateway.service.HealthCheckService - Performing health checks on 7 targets
2026-02-18 00:11:18.341 [pool-1-thread-5] INFO  c.gateway.service.HealthCheckService - Performing health checks on 7 targets
2026-02-18 00:11:48.341 [pool-1-thread-5] INFO  c.gateway.service.HealthCheckService - Performing health checks on 7 targets
2026-02-18 00:12:18.341 [pool-1-thread-5] INFO  c.gateway.service.HealthCheckService - Performing health checks on 7 targets
2026-02-18 00:12:48.341 [pool-1-thread-5] INFO  c.gateway.service.HealthCheckService - Performing health checks on 7 targets
2026-02-18 00:13:18.341 [pool-1-thread-5] INFO  c.gateway.service.HealthCheckService - Performing health checks on 7 targets
2026-02-18 00:13:48.341 [pool-1-thread-5] INFO  c.gateway.service.HealthCheckService - Performing health checks on 7 targets
2026-02-18 00:14:18.341 [pool-1-thread-5] INFO  c.gateway.service.HealthCheckService - Performing health checks on 7 targets
2026-02-18 00:14:48.341 [pool-1-thread-5] INFO  c.gateway.service.HealthCheckService - Performing health checks on 7 targets
2026-02-18 00:15:18.342 [pool-1-thread-5] INFO  c.gateway.service.HealthCheckService - Performing health checks on 7 targets
2026-02-18 00:15:48.343 [pool-1-thread-5] INFO  c.gateway.service.HealthCheckService - Performing health checks on 7 targets
2026-02-18 00:16:18.341 [pool-1-thread-5] INFO  c.gateway.service.HealthCheckService - Performing health checks on 7 targets
2026-02-18 00:16:48.341 [pool-1-thread-5] INFO  c.gateway.service.HealthCheckService - Performing health checks on 7 targets
2026-02-18 00:16:48.357 [pool-2-thread-2] INFO  c.g.repository.TargetRepository - Updated target 9ab63b32-8a1b-42ae-97e1-e6523a596b79 health status to: unhealthy
2026-02-18 00:16:48.357 [pool-2-thread-2] WARN  c.gateway.service.HealthCheckService - Target marked unhealthy after 3 failures: https://httpbin.org
2026-02-18 00:16:48.358 [pool-2-thread-8] INFO  c.g.repository.TargetRepository - Updated target 79aae457-54c2-4440-8eeb-731e42b76ab6 health status to: unhealthy
2026-02-18 00:16:48.358 [pool-2-thread-8] WARN  c.gateway.service.HealthCheckService - Target marked unhealthy after 3 failures: https://httpbin.org
2026-02-18 00:16:48.358 [pool-2-thread-10] INFO  c.g.repository.TargetRepository - Updated target b3c31ad4-4c18-48a1-a22e-32ef80e22afa health status to: unhealthy
2026-02-18 00:16:48.358 [pool-2-thread-10] WARN  c.gateway.service.HealthCheckService - Target marked unhealthy after 3 failures: https://jsonplaceholder.typicode.com
2026-02-18 00:16:48.358 [pool-2-thread-1] INFO  c.g.repository.TargetRepository - Updated target 990594bd-4b9a-416b-b45a-d2fd9c029eaa health status to: unhealthy
2026-02-18 00:16:48.358 [pool-2-thread-1] WARN  c.gateway.service.HealthCheckService - Target marked unhealthy after 3 failures: https://jsonplaceholder.typicode.com
2026-02-18 00:16:48.359 [pool-2-thread-5] INFO  c.g.repository.TargetRepository - Updated target adf48d99-c059-4484-bebb-31a5aa85a289 health status to: unhealthy
2026-02-18 00:16:48.359 [pool-2-thread-5] WARN  c.gateway.service.HealthCheckService - Target marked unhealthy after 3 failures: https://jsonplaceholder.typicode.com
2026-02-18 00:17:18.341 [pool-1-thread-5] INFO  c.gateway.service.HealthCheckService - Performing health checks on 7 targets
2026-02-18 00:17:18.418 [pool-2-thread-2] INFO  c.g.repository.TargetRepository - Updated target b3c31ad4-4c18-48a1-a22e-32ef80e22afa health status to: healthy
2026-02-18 00:17:18.418 [pool-2-thread-2] INFO  c.gateway.service.HealthCheckService - Target recovered: https://jsonplaceholder.typicode.com
2026-02-18 00:17:18.419 [pool-2-thread-9] INFO  c.g.repository.TargetRepository - Updated target 990594bd-4b9a-416b-b45a-d2fd9c029eaa health status to: healthy
2026-02-18 00:17:18.419 [pool-2-thread-9] INFO  c.gateway.service.HealthCheckService - Target recovered: https://jsonplaceholder.typicode.com
2026-02-18 00:17:18.422 [pool-2-thread-8] INFO  c.g.repository.TargetRepository - Updated target adf48d99-c059-4484-bebb-31a5aa85a289 health status to: healthy
2026-02-18 00:17:18.422 [pool-2-thread-8] INFO  c.gateway.service.HealthCheckService - Target recovered: https://jsonplaceholder.typicode.com
2026-02-18 00:17:19.808 [pool-2-thread-7] INFO  c.g.repository.TargetRepository - Updated target 79aae457-54c2-4440-8eeb-731e42b76ab6 health status to: healthy
2026-02-18 00:17:19.808 [pool-2-thread-7] INFO  c.gateway.service.HealthCheckService - Target recovered: https://httpbin.org
2026-02-18 00:17:20.026 [pool-2-thread-3] INFO  c.g.repository.TargetRepository - Updated target 9ab63b32-8a1b-42ae-97e1-e6523a596b79 health status to: healthy
2026-02-18 00:17:20.027 [pool-2-thread-3] INFO  c.gateway.service.HealthCheckService - Target recovered: https://httpbin.org
2026-02-18 00:17:48.342 [pool-1-thread-5] INFO  c.gateway.service.HealthCheckService - Performing health checks on 7 targets
2026-02-18 00:18:18.341 [pool-1-thread-5] INFO  c.gateway.service.HealthCheckService - Performing health checks on 7 targets
2026-02-18 00:18:48.342 [pool-1-thread-5] INFO  c.gateway.service.HealthCheckService - Performing health checks on 7 targets
2026-02-18 00:19:18.341 [pool-1-thread-5] INFO  c.gateway.service.HealthCheckService - Performing health checks on 7 targets
2026-02-18 00:19:48.343 [pool-1-thread-5] INFO  c.gateway.service.HealthCheckService - Performing health checks on 7 targets
2026-02-18 00:20:18.342 [pool-1-thread-5] INFO  c.gateway.service.HealthCheckService - Performing health checks on 7 targets
2026-02-18 00:20:48.341 [pool-1-thread-5] INFO  c.gateway.service.HealthCheckService - Performing health checks on 7 targets
2026-02-18 00:21:18.341 [pool-1-thread-5] INFO  c.gateway.service.HealthCheckService - Performing health checks on 7 targets
2026-02-18 00:21:48.341 [pool-1-thread-5] INFO  c.gateway.service.HealthCheckService - Performing health checks on 7 targets
2026-02-18 00:22:18.341 [pool-1-thread-5] INFO  c.gateway.service.HealthCheckService - Performing health checks on 7 targets
2026-02-18 00:22:48.341 [pool-1-thread-5] INFO  c.gateway.service.HealthCheckService - Performing health checks on 7 targets
2026-02-18 00:23:18.341 [pool-1-thread-5] INFO  c.gateway.service.HealthCheckService - Performing health checks on 7 targets
2026-02-18 00:23:48.341 [pool-1-thread-5] INFO  c.gateway.service.HealthCheckService - Performing health checks on 7 targets
2026-02-18 00:24:18.341 [pool-1-thread-5] INFO  c.gateway.service.HealthCheckService - Performing health checks on 7 targets
2026-02-18 00:24:48.341 [pool-1-thread-5] INFO  c.gateway.service.HealthCheckService - Performing health checks on 7 targets
2026-02-18 00:24:53.352 [pool-2-thread-9] INFO  c.g.repository.TargetRepository - Updated target b3c31ad4-4c18-48a1-a22e-32ef80e22afa health status to: unhealthy
2026-02-18 00:24:53.352 [pool-2-thread-9] WARN  c.gateway.service.HealthCheckService - Target marked unhealthy after 3 failures: https://jsonplaceholder.typicode.com
2026-02-18 00:24:53.352 [pool-2-thread-2] INFO  c.g.repository.TargetRepository - Updated target 9ab63b32-8a1b-42ae-97e1-e6523a596b79 health status to: unhealthy
2026-02-18 00:24:53.353 [pool-2-thread-2] WARN  c.gateway.service.HealthCheckService - Target marked unhealthy after 3 failures: https://httpbin.org
2026-02-18 00:24:53.353 [pool-2-thread-10] INFO  c.g.repository.TargetRepository - Updated target 77486f23-74be-4206-b4e0-70721e1e8942 health status to: unhealthy
2026-02-18 00:24:53.353 [pool-2-thread-3] INFO  c.g.repository.TargetRepository - Updated target adf48d99-c059-4484-bebb-31a5aa85a289 health status to: unhealthy
2026-02-18 00:24:53.353 [pool-2-thread-8] INFO  c.g.repository.TargetRepository - Updated target 79aae457-54c2-4440-8eeb-731e42b76ab6 health status to: unhealthy
2026-02-18 00:24:53.353 [pool-2-thread-10] WARN  c.gateway.service.HealthCheckService - Target marked unhealthy after 3 failures: https://postman-echo.com
2026-02-18 00:24:53.353 [pool-2-thread-6] INFO  c.g.repository.TargetRepository - Updated target 990594bd-4b9a-416b-b45a-d2fd9c029eaa health status to: unhealthy
2026-02-18 00:24:53.353 [pool-2-thread-6] WARN  c.gateway.service.HealthCheckService - Target marked unhealthy after 3 failures: https://jsonplaceholder.typicode.com
2026-02-18 00:24:53.353 [pool-2-thread-5] INFO  c.g.repository.TargetRepository - Updated target cc7267fa-dc69-4d4e-991a-56c5254cc3fb health status to: unhealthy
2026-02-18 00:24:53.353 [pool-2-thread-8] WARN  c.gateway.service.HealthCheckService - Target marked unhealthy after 3 failures: https://httpbin.org
2026-02-18 00:24:53.353 [pool-2-thread-5] WARN  c.gateway.service.HealthCheckService - Target marked unhealthy after 3 failures: https://postman-echo.com
2026-02-18 00:24:53.353 [pool-2-thread-3] WARN  c.gateway.service.HealthCheckService - Target marked unhealthy after 3 failures: https://jsonplaceholder.typicode.com
2026-02-18 00:25:18.341 [pool-1-thread-5] INFO  c.gateway.service.HealthCheckService - Performing health checks on 7 targets
2026-02-18 00:25:48.341 [pool-1-thread-5] INFO  c.gateway.service.HealthCheckService - Performing health checks on 7 targets
2026-02-18 00:25:48.392 [pool-2-thread-2] INFO  c.g.repository.TargetRepository - Updated target 990594bd-4b9a-416b-b45a-d2fd9c029eaa health status to: healthy
2026-02-18 00:25:48.392 [pool-2-thread-2] INFO  c.gateway.service.HealthCheckService - Target recovered: https://jsonplaceholder.typicode.com
2026-02-18 00:25:48.392 [pool-2-thread-3] INFO  c.g.repository.TargetRepository - Updated target adf48d99-c059-4484-bebb-31a5aa85a289 health status to: healthy
2026-02-18 00:25:48.392 [pool-2-thread-3] INFO  c.gateway.service.HealthCheckService - Target recovered: https://jsonplaceholder.typicode.com
2026-02-18 00:25:48.395 [pool-2-thread-7] INFO  c.g.repository.TargetRepository - Updated target b3c31ad4-4c18-48a1-a22e-32ef80e22afa health status to: healthy
2026-02-18 00:25:48.396 [pool-2-thread-7] INFO  c.gateway.service.HealthCheckService - Target recovered: https://jsonplaceholder.typicode.com
2026-02-18 00:25:48.775 [pool-2-thread-1] INFO  c.g.repository.TargetRepository - Updated target 77486f23-74be-4206-b4e0-70721e1e8942 health status to: healthy
2026-02-18 00:25:48.775 [pool-2-thread-1] INFO  c.gateway.service.HealthCheckService - Target recovered: https://postman-echo.com
2026-02-18 00:25:48.775 [pool-2-thread-5] INFO  c.g.repository.TargetRepository - Updated target cc7267fa-dc69-4d4e-991a-56c5254cc3fb health status to: healthy
2026-02-18 00:25:48.775 [pool-2-thread-5] INFO  c.gateway.service.HealthCheckService - Target recovered: https://postman-echo.com
2026-02-18 00:26:18.341 [pool-1-thread-5] INFO  c.gateway.service.HealthCheckService - Performing health checks on 7 targets
2026-02-18 00:26:19.665 [pool-2-thread-7] INFO  c.g.repository.TargetRepository - Updated target 79aae457-54c2-4440-8eeb-731e42b76ab6 health status to: healthy
2026-02-18 00:26:19.666 [pool-2-thread-7] INFO  c.gateway.service.HealthCheckService - Target recovered: https://httpbin.org
2026-02-18 00:26:19.672 [pool-2-thread-1] INFO  c.g.repository.TargetRepository - Updated target 9ab63b32-8a1b-42ae-97e1-e6523a596b79 health status to: healthy
2026-02-18 00:26:19.672 [pool-2-thread-1] INFO  c.gateway.service.HealthCheckService - Target recovered: https://httpbin.org
2026-02-18 00:26:48.341 [pool-1-thread-5] INFO  c.gateway.service.HealthCheckService - Performing health checks on 7 targets
2026-02-18 00:27:18.341 [pool-1-thread-5] INFO  c.gateway.service.HealthCheckService - Performing health checks on 7 targets
2026-02-18 00:27:48.341 [pool-1-thread-5] INFO  c.gateway.service.HealthCheckService - Performing health checks on 7 targets
2026-02-18 00:28:18.340 [pool-1-thread-5] INFO  c.gateway.service.HealthCheckService - Performing health checks on 7 targets
2026-02-18 00:28:48.340 [pool-1-thread-5] INFO  c.gateway.service.HealthCheckService - Performing health checks on 7 targets
2026-02-18 00:29:18.346 [pool-1-thread-1] INFO  c.gateway.service.HealthCheckService - Performing health checks on 7 targets
2026-02-18 00:29:48.340 [pool-1-thread-1] INFO  c.gateway.service.HealthCheckService - Performing health checks on 7 targets
2026-02-18 00:30:18.341 [pool-1-thread-1] INFO  c.gateway.service.HealthCheckService - Performing health checks on 7 targets
2026-02-18 00:30:48.341 [pool-1-thread-1] INFO  c.gateway.service.HealthCheckService - Performing health checks on 7 targets
2026-02-18 00:31:18.341 [pool-1-thread-1] INFO  c.gateway.service.HealthCheckService - Performing health checks on 7 targets
2026-02-18 00:31:48.340 [pool-1-thread-1] INFO  c.gateway.service.HealthCheckService - Performing health checks on 7 targets
2026-02-18 00:32:18.341 [pool-1-thread-1] INFO  c.gateway.service.HealthCheckService - Performing health checks on 7 targets
2026-02-18 00:32:48.341 [pool-1-thread-1] INFO  c.gateway.service.HealthCheckService - Performing health checks on 7 targets
2026-02-18 00:33:18.341 [pool-1-thread-1] INFO  c.gateway.service.HealthCheckService - Performing health checks on 7 targets
2026-02-18 00:33:48.341 [pool-1-thread-1] INFO  c.gateway.service.HealthCheckService - Performing health checks on 7 targets
2026-02-18 00:34:18.341 [pool-1-thread-1] INFO  c.gateway.service.HealthCheckService - Performing health checks on 7 targets
2026-02-18 00:34:48.341 [pool-1-thread-1] INFO  c.gateway.service.HealthCheckService - Performing health checks on 7 targets
2026-02-18 00:34:53.353 [pool-2-thread-8] INFO  c.g.repository.TargetRepository - Updated target adf48d99-c059-4484-bebb-31a5aa85a289 health status to: unhealthy
2026-02-18 00:34:53.353 [pool-2-thread-8] WARN  c.gateway.service.HealthCheckService - Target marked unhealthy after 3 failures: https://jsonplaceholder.typicode.com
2026-02-18 00:34:53.354 [pool-2-thread-3] INFO  c.g.repository.TargetRepository - Updated target 77486f23-74be-4206-b4e0-70721e1e8942 health status to: unhealthy
2026-02-18 00:34:53.354 [pool-2-thread-3] WARN  c.gateway.service.HealthCheckService - Target marked unhealthy after 3 failures: https://postman-echo.com
2026-02-18 00:34:53.355 [pool-2-thread-7] INFO  c.g.repository.TargetRepository - Updated target 990594bd-4b9a-416b-b45a-d2fd9c029eaa health status to: unhealthy
2026-02-18 00:34:53.355 [pool-2-thread-7] WARN  c.gateway.service.HealthCheckService - Target marked unhealthy after 3 failures: https://jsonplaceholder.typicode.com
2026-02-18 00:34:53.355 [pool-2-thread-10] INFO  c.g.repository.TargetRepository - Updated target 79aae457-54c2-4440-8eeb-731e42b76ab6 health status to: unhealthy
2026-02-18 00:34:53.355 [pool-2-thread-10] WARN  c.gateway.service.HealthCheckService - Target marked unhealthy after 3 failures: https://httpbin.org
2026-02-18 00:34:53.355 [pool-2-thread-1] INFO  c.g.repository.TargetRepository - Updated target b3c31ad4-4c18-48a1-a22e-32ef80e22afa health status to: unhealthy
2026-02-18 00:34:53.355 [pool-2-thread-5] INFO  c.g.repository.TargetRepository - Updated target cc7267fa-dc69-4d4e-991a-56c5254cc3fb health status to: unhealthy
2026-02-18 00:34:53.355 [pool-2-thread-1] WARN  c.gateway.service.HealthCheckService - Target marked unhealthy after 3 failures: https://jsonplaceholder.typicode.com
2026-02-18 00:34:53.355 [pool-2-thread-5] WARN  c.gateway.service.HealthCheckService - Target marked unhealthy after 3 failures: https://postman-echo.com
2026-02-18 00:34:53.355 [pool-2-thread-9] INFO  c.g.repository.TargetRepository - Updated target 9ab63b32-8a1b-42ae-97e1-e6523a596b79 health status to: unhealthy
2026-02-18 00:34:53.355 [pool-2-thread-9] WARN  c.gateway.service.HealthCheckService - Target marked unhealthy after 3 failures: https://httpbin.org
2026-02-18 00:35:18.341 [pool-1-thread-1] INFO  c.gateway.service.HealthCheckService - Performing health checks on 7 targets
2026-02-18 00:35:48.341 [pool-1-thread-1] INFO  c.gateway.service.HealthCheckService - Performing health checks on 7 targets
2026-02-18 00:35:48.393 [pool-2-thread-8] INFO  c.g.repository.TargetRepository - Updated target b3c31ad4-4c18-48a1-a22e-32ef80e22afa health status to: healthy
2026-02-18 00:35:48.393 [pool-2-thread-8] INFO  c.gateway.service.HealthCheckService - Target recovered: https://jsonplaceholder.typicode.com
2026-02-18 00:35:48.397 [pool-2-thread-6] INFO  c.g.repository.TargetRepository - Updated target 990594bd-4b9a-416b-b45a-d2fd9c029eaa health status to: healthy
2026-02-18 00:35:48.397 [pool-2-thread-6] INFO  c.gateway.service.HealthCheckService - Target recovered: https://jsonplaceholder.typicode.com
2026-02-18 00:35:48.397 [pool-2-thread-5] INFO  c.g.repository.TargetRepository - Updated target adf48d99-c059-4484-bebb-31a5aa85a289 health status to: healthy
2026-02-18 00:35:48.397 [pool-2-thread-5] INFO  c.gateway.service.HealthCheckService - Target recovered: https://jsonplaceholder.typicode.com
2026-02-18 00:35:48.799 [pool-2-thread-1] INFO  c.g.repository.TargetRepository - Updated target 77486f23-74be-4206-b4e0-70721e1e8942 health status to: healthy
2026-02-18 00:35:48.801 [pool-2-thread-1] INFO  c.gateway.service.HealthCheckService - Target recovered: https://postman-echo.com
2026-02-18 00:35:48.803 [pool-2-thread-3] INFO  c.g.repository.TargetRepository - Updated target cc7267fa-dc69-4d4e-991a-56c5254cc3fb health status to: healthy
2026-02-18 00:35:48.803 [pool-2-thread-3] INFO  c.gateway.service.HealthCheckService - Target recovered: https://postman-echo.com
2026-02-18 00:35:50.028 [pool-2-thread-2] INFO  c.g.repository.TargetRepository - Updated target 9ab63b32-8a1b-42ae-97e1-e6523a596b79 health status to: healthy
2026-02-18 00:35:50.028 [pool-2-thread-2] INFO  c.gateway.service.HealthCheckService - Target recovered: https://httpbin.org
2026-02-18 00:35:51.973 [pool-2-thread-9] INFO  c.g.repository.TargetRepository - Updated target 79aae457-54c2-4440-8eeb-731e42b76ab6 health status to: healthy
2026-02-18 00:35:51.973 [pool-2-thread-9] INFO  c.gateway.service.HealthCheckService - Target recovered: https://httpbin.org
2026-02-18 00:36:18.341 [pool-1-thread-1] INFO  c.gateway.service.HealthCheckService - Performing health checks on 7 targets
2026-02-18 00:36:48.341 [pool-1-thread-1] INFO  c.gateway.service.HealthCheckService - Performing health checks on 7 targets
2026-02-18 00:37:18.342 [pool-1-thread-1] INFO  c.gateway.service.HealthCheckService - Performing health checks on 7 targets
2026-02-18 00:37:23.351 [pool-2-thread-6] INFO  c.g.repository.TargetRepository - Updated target 79aae457-54c2-4440-8eeb-731e42b76ab6 health status to: unhealthy
2026-02-18 00:37:23.352 [pool-2-thread-6] WARN  c.gateway.service.HealthCheckService - Target marked unhealthy after 3 failures: https://httpbin.org
2026-02-18 00:37:23.352 [pool-2-thread-8] INFO  c.g.repository.TargetRepository - Updated target 9ab63b32-8a1b-42ae-97e1-e6523a596b79 health status to: unhealthy
2026-02-18 00:37:23.352 [pool-2-thread-8] WARN  c.gateway.service.HealthCheckService - Target marked unhealthy after 3 failures: https://httpbin.org
2026-02-18 00:37:48.340 [pool-1-thread-1] INFO  c.gateway.service.HealthCheckService - Performing health checks on 7 targets
2026-02-18 00:37:49.722 [pool-2-thread-3] INFO  c.g.repository.TargetRepository - Updated target 9ab63b32-8a1b-42ae-97e1-e6523a596b79 health status to: healthy
2026-02-18 00:37:49.722 [pool-2-thread-3] INFO  c.gateway.service.HealthCheckService - Target recovered: https://httpbin.org
2026-02-18 00:37:49.747 [pool-2-thread-7] INFO  c.g.repository.TargetRepository - Updated target 79aae457-54c2-4440-8eeb-731e42b76ab6 health status to: healthy
2026-02-18 00:37:49.747 [pool-2-thread-7] INFO  c.gateway.service.HealthCheckService - Target recovered: https://httpbin.org
2026-02-18 00:38:18.341 [pool-1-thread-1] INFO  c.gateway.service.HealthCheckService - Performing health checks on 7 targets
2026-02-18 00:38:48.342 [pool-1-thread-1] INFO  c.gateway.service.HealthCheckService - Performing health checks on 7 targets
2026-02-18 00:39:18.341 [pool-1-thread-1] INFO  c.gateway.service.HealthCheckService - Performing health checks on 7 targets
2026-02-18 00:39:23.350 [pool-2-thread-8] INFO  c.g.repository.TargetRepository - Updated target 9ab63b32-8a1b-42ae-97e1-e6523a596b79 health status to: unhealthy
2026-02-18 00:39:23.350 [pool-2-thread-8] WARN  c.gateway.service.HealthCheckService - Target marked unhealthy after 3 failures: https://httpbin.org
2026-02-18 00:39:23.350 [pool-2-thread-7] INFO  c.g.repository.TargetRepository - Updated target 79aae457-54c2-4440-8eeb-731e42b76ab6 health status to: unhealthy
2026-02-18 00:39:23.350 [pool-2-thread-7] WARN  c.gateway.service.HealthCheckService - Target marked unhealthy after 3 failures: https://httpbin.org
2026-02-18 00:39:48.341 [pool-1-thread-1] INFO  c.gateway.service.HealthCheckService - Performing health checks on 7 targets
2026-02-18 00:40:18.341 [pool-1-thread-1] INFO  c.gateway.service.HealthCheckService - Performing health checks on 7 targets
2026-02-18 00:40:22.919 [pool-2-thread-6] INFO  c.g.repository.TargetRepository - Updated target 9ab63b32-8a1b-42ae-97e1-e6523a596b79 health status to: healthy
2026-02-18 00:40:22.919 [pool-2-thread-6] INFO  c.gateway.service.HealthCheckService - Target recovered: https://httpbin.org
2026-02-18 00:40:48.341 [pool-1-thread-1] INFO  c.gateway.service.HealthCheckService - Performing health checks on 7 targets
2026-02-18 00:40:48.647 [pool-2-thread-9] INFO  c.g.repository.TargetRepository - Updated target 79aae457-54c2-4440-8eeb-731e42b76ab6 health status to: healthy
2026-02-18 00:40:48.647 [pool-2-thread-9] INFO  c.gateway.service.HealthCheckService - Target recovered: https://httpbin.org
2026-02-18 00:41:18.341 [pool-1-thread-1] INFO  c.gateway.service.HealthCheckService - Performing health checks on 7 targets
2026-02-18 00:41:48.341 [pool-1-thread-1] INFO  c.gateway.service.HealthCheckService - Performing health checks on 7 targets
2026-02-18 00:42:18.341 [pool-1-thread-1] INFO  c.gateway.service.HealthCheckService - Performing health checks on 7 targets
2026-02-18 00:42:48.342 [pool-1-thread-1] INFO  c.gateway.service.HealthCheckService - Performing health checks on 7 targets
2026-02-18 00:43:18.341 [pool-1-thread-1] INFO  c.gateway.service.HealthCheckService - Performing health checks on 7 targets
2026-02-18 00:43:48.340 [pool-1-thread-1] INFO  c.gateway.service.HealthCheckService - Performing health checks on 7 targets
2026-02-18 00:44:18.340 [pool-1-thread-1] INFO  c.gateway.service.HealthCheckService - Performing health checks on 7 targets
2026-02-18 00:44:48.341 [pool-1-thread-1] INFO  c.gateway.service.HealthCheckService - Performing health checks on 7 targets
2026-02-18 00:45:18.341 [pool-1-thread-1] INFO  c.gateway.service.HealthCheckService - Performing health checks on 7 targets
2026-02-18 00:45:48.341 [pool-1-thread-1] INFO  c.gateway.service.HealthCheckService - Performing health checks on 7 targets
2026-02-18 00:46:18.341 [pool-1-thread-1] INFO  c.gateway.service.HealthCheckService - Performing health checks on 7 targets
2026-02-18 00:46:48.340 [pool-1-thread-1] INFO  c.gateway.service.HealthCheckService - Performing health checks on 7 targets
2026-02-18 00:47:18.341 [pool-1-thread-1] INFO  c.gateway.service.HealthCheckService - Performing health checks on 7 targets
2026-02-18 00:47:48.341 [pool-1-thread-1] INFO  c.gateway.service.HealthCheckService - Performing health checks on 7 targets
2026-02-18 00:48:18.340 [pool-1-thread-1] INFO  c.gateway.service.HealthCheckService - Performing health checks on 7 targets
2026-02-18 00:48:48.340 [pool-1-thread-1] INFO  c.gateway.service.HealthCheckService - Performing health checks on 7 targets
2026-02-18 00:49:18.340 [pool-1-thread-1] INFO  c.gateway.service.HealthCheckService - Performing health checks on 7 targets
2026-02-18 00:49:48.341 [pool-1-thread-1] INFO  c.gateway.service.HealthCheckService - Performing health checks on 7 targets
2026-02-18 00:50:18.340 [pool-1-thread-1] INFO  c.gateway.service.HealthCheckService - Performing health checks on 7 targets
2026-02-18 00:50:48.340 [pool-1-thread-1] INFO  c.gateway.service.HealthCheckService - Performing health checks on 7 targets
2026-02-18 00:51:18.341 [pool-1-thread-1] INFO  c.gateway.service.HealthCheckService - Performing health checks on 7 targets
2026-02-18 00:51:48.340 [pool-1-thread-1] INFO  c.gateway.service.HealthCheckService - Performing health checks on 7 targets
2026-02-18 00:52:18.340 [pool-1-thread-1] INFO  c.gateway.service.HealthCheckService - Performing health checks on 7 targets
2026-02-18 00:52:48.340 [pool-1-thread-1] INFO  c.gateway.service.HealthCheckService - Performing health checks on 7 targets
2026-02-18 00:53:18.340 [pool-1-thread-1] INFO  c.gateway.service.HealthCheckService - Performing health checks on 7 targets
2026-02-18 00:53:48.341 [pool-1-thread-1] INFO  c.gateway.service.HealthCheckService - Performing health checks on 7 targets
2026-02-18 00:54:18.341 [pool-1-thread-1] INFO  c.gateway.service.HealthCheckService - Performing health checks on 7 targets
2026-02-18 00:54:48.341 [pool-1-thread-1] INFO  c.gateway.service.HealthCheckService - Performing health checks on 7 targets
2026-02-18 00:55:18.341 [pool-1-thread-1] INFO  c.gateway.service.HealthCheckService - Performing health checks on 7 targets
2026-02-18 00:55:48.341 [pool-1-thread-1] INFO  c.gateway.service.HealthCheckService - Performing health checks on 7 targets
2026-02-18 00:56:18.341 [pool-1-thread-1] INFO  c.gateway.service.HealthCheckService - Performing health checks on 7 targets
2026-02-18 00:56:48.341 [pool-1-thread-1] INFO  c.gateway.service.HealthCheckService - Performing health checks on 7 targets
2026-02-18 00:57:18.340 [pool-1-thread-1] INFO  c.gateway.service.HealthCheckService - Performing health checks on 7 targets
2026-02-18 00:57:48.340 [pool-1-thread-1] INFO  c.gateway.service.HealthCheckService - Performing health checks on 7 targets
2026-02-18 00:58:18.340 [pool-1-thread-1] INFO  c.gateway.service.HealthCheckService - Performing health checks on 7 targets
2026-02-18 00:58:48.340 [pool-1-thread-1] INFO  c.gateway.service.HealthCheckService - Performing health checks on 7 targets
2026-02-18 00:59:18.340 [pool-1-thread-1] INFO  c.gateway.service.HealthCheckService - Performing health checks on 7 targets
2026-02-18 00:59:48.341 [pool-1-thread-1] INFO  c.gateway.service.HealthCheckService - Performing health checks on 7 targets
2026-02-18 01:00:18.341 [pool-1-thread-1] INFO  c.gateway.service.HealthCheckService - Performing health checks on 7 targets
2026-02-18 01:00:48.340 [pool-1-thread-1] INFO  c.gateway.service.HealthCheckService - Performing health checks on 7 targets
2026-02-18 01:01:18.341 [pool-1-thread-1] INFO  c.gateway.service.HealthCheckService - Performing health checks on 7 targets
2026-02-18 01:01:48.340 [pool-1-thread-1] INFO  c.gateway.service.HealthCheckService - Performing health checks on 7 targets
2026-02-18 01:02:18.341 [pool-1-thread-1] INFO  c.gateway.service.HealthCheckService - Performing health checks on 7 targets
2026-02-18 01:02:48.340 [pool-1-thread-1] INFO  c.gateway.service.HealthCheckService - Performing health checks on 7 targets
2026-02-18 01:03:18.341 [pool-1-thread-1] INFO  c.gateway.service.HealthCheckService - Performing health checks on 7 targets
2026-02-18 01:03:48.341 [pool-1-thread-1] INFO  c.gateway.service.HealthCheckService - Performing health checks on 7 targets
2026-02-18 01:04:18.340 [pool-1-thread-1] INFO  c.gateway.service.HealthCheckService - Performing health checks on 7 targets
2026-02-18 01:04:48.340 [pool-1-thread-1] INFO  c.gateway.service.HealthCheckService - Performing health checks on 7 targets
2026-02-18 01:05:18.341 [pool-1-thread-1] INFO  c.gateway.service.HealthCheckService - Performing health checks on 7 targets
2026-02-18 01:05:48.341 [pool-1-thread-1] INFO  c.gateway.service.HealthCheckService - Performing health checks on 7 targets
2026-02-18 01:06:18.341 [pool-1-thread-1] INFO  c.gateway.service.HealthCheckService - Performing health checks on 7 targets
2026-02-18 01:06:48.340 [pool-1-thread-4] INFO  c.gateway.service.HealthCheckService - Performing health checks on 7 targets
2026-02-18 01:07:18.341 [pool-1-thread-4] INFO  c.gateway.service.HealthCheckService - Performing health checks on 7 targets
2026-02-18 01:07:48.341 [pool-1-thread-4] INFO  c.gateway.service.HealthCheckService - Performing health checks on 7 targets
2026-02-18 01:08:18.341 [pool-1-thread-4] INFO  c.gateway.service.HealthCheckService - Performing health checks on 7 targets
2026-02-18 01:08:48.341 [pool-1-thread-4] INFO  c.gateway.service.HealthCheckService - Performing health checks on 7 targets
2026-02-18 01:09:18.340 [pool-1-thread-4] INFO  c.gateway.service.HealthCheckService - Performing health checks on 7 targets
2026-02-18 01:09:48.341 [pool-1-thread-4] INFO  c.gateway.service.HealthCheckService - Performing health checks on 7 targets
2026-02-18 01:10:18.341 [pool-1-thread-4] INFO  c.gateway.service.HealthCheckService - Performing health checks on 7 targets
2026-02-18 01:10:48.340 [pool-1-thread-4] INFO  c.gateway.service.HealthCheckService - Performing health checks on 7 targets
2026-02-18 01:11:18.341 [pool-1-thread-4] INFO  c.gateway.service.HealthCheckService - Performing health checks on 7 targets
2026-02-18 01:11:48.341 [pool-1-thread-4] INFO  c.gateway.service.HealthCheckService - Performing health checks on 7 targets
2026-02-18 01:12:18.341 [pool-1-thread-4] INFO  c.gateway.service.HealthCheckService - Performing health checks on 7 targets
2026-02-18 01:12:23.350 [pool-2-thread-4] INFO  c.g.repository.TargetRepository - Updated target 79aae457-54c2-4440-8eeb-731e42b76ab6 health status to: unhealthy
2026-02-18 01:12:23.350 [pool-2-thread-4] WARN  c.gateway.service.HealthCheckService - Target marked unhealthy after 3 failures: https://httpbin.org
2026-02-18 01:12:23.351 [pool-2-thread-8] INFO  c.g.repository.TargetRepository - Updated target 9ab63b32-8a1b-42ae-97e1-e6523a596b79 health status to: unhealthy
2026-02-18 01:12:23.351 [pool-2-thread-8] WARN  c.gateway.service.HealthCheckService - Target marked unhealthy after 3 failures: https://httpbin.org
2026-02-18 01:12:48.341 [pool-1-thread-4] INFO  c.gateway.service.HealthCheckService - Performing health checks on 7 targets
2026-02-18 01:12:51.009 [pool-2-thread-7] INFO  c.g.repository.TargetRepository - Updated target 9ab63b32-8a1b-42ae-97e1-e6523a596b79 health status to: healthy
2026-02-18 01:12:51.009 [pool-2-thread-7] INFO  c.gateway.service.HealthCheckService - Target recovered: https://httpbin.org
2026-02-18 01:12:51.085 [pool-2-thread-1] INFO  c.g.repository.TargetRepository - Updated target 79aae457-54c2-4440-8eeb-731e42b76ab6 health status to: healthy
2026-02-18 01:12:51.085 [pool-2-thread-1] INFO  c.gateway.service.HealthCheckService - Target recovered: https://httpbin.org
2026-02-18 01:13:18.341 [pool-1-thread-4] INFO  c.gateway.service.HealthCheckService - Performing health checks on 7 targets
2026-02-18 01:13:48.341 [pool-1-thread-4] INFO  c.gateway.service.HealthCheckService - Performing health checks on 7 targets
2026-02-18 01:14:18.341 [pool-1-thread-4] INFO  c.gateway.service.HealthCheckService - Performing health checks on 7 targets
2026-02-18 01:14:48.341 [pool-1-thread-4] INFO  c.gateway.service.HealthCheckService - Performing health checks on 7 targets
2026-02-18 01:15:18.342 [pool-1-thread-4] INFO  c.gateway.service.HealthCheckService - Performing health checks on 7 targets
2026-02-18 01:15:48.342 [pool-1-thread-4] INFO  c.gateway.service.HealthCheckService - Performing health checks on 7 targets
2026-02-18 01:16:18.340 [pool-1-thread-4] INFO  c.gateway.service.HealthCheckService - Performing health checks on 7 targets
2026-02-18 01:16:48.341 [pool-1-thread-4] INFO  c.gateway.service.HealthCheckService - Performing health checks on 7 targets
2026-02-18 01:17:18.341 [pool-1-thread-4] INFO  c.gateway.service.HealthCheckService - Performing health checks on 7 targets
2026-02-18 01:17:48.341 [pool-1-thread-4] INFO  c.gateway.service.HealthCheckService - Performing health checks on 7 targets
2026-02-18 01:18:18.340 [pool-1-thread-4] INFO  c.gateway.service.HealthCheckService - Performing health checks on 7 targets
2026-02-18 01:18:48.341 [pool-1-thread-4] INFO  c.gateway.service.HealthCheckService - Performing health checks on 7 targets
2026-02-18 01:19:18.341 [pool-1-thread-4] INFO  c.gateway.service.HealthCheckService - Performing health checks on 7 targets
2026-02-18 01:19:48.342 [pool-1-thread-4] INFO  c.gateway.service.HealthCheckService - Performing health checks on 7 targets
2026-02-18 01:20:18.342 [pool-1-thread-4] INFO  c.gateway.service.HealthCheckService - Performing health checks on 7 targets
2026-02-18 01:20:48.341 [pool-1-thread-4] INFO  c.gateway.service.HealthCheckService - Performing health checks on 7 targets
2026-02-18 01:21:18.342 [pool-1-thread-4] INFO  c.gateway.service.HealthCheckService - Performing health checks on 7 targets
2026-02-18 01:21:48.341 [pool-1-thread-4] INFO  c.gateway.service.HealthCheckService - Performing health checks on 7 targets
2026-02-18 01:22:18.341 [pool-1-thread-4] INFO  c.gateway.service.HealthCheckService - Performing health checks on 7 targets
2026-02-18 01:22:48.341 [pool-1-thread-4] INFO  c.gateway.service.HealthCheckService - Performing health checks on 7 targets
2026-02-18 01:23:18.342 [pool-1-thread-4] INFO  c.gateway.service.HealthCheckService - Performing health checks on 7 targets
2026-02-18 01:23:48.341 [pool-1-thread-4] INFO  c.gateway.service.HealthCheckService - Performing health checks on 7 targets
2026-02-18 01:24:18.341 [pool-1-thread-4] INFO  c.gateway.service.HealthCheckService - Performing health checks on 7 targets
2026-02-18 01:24:48.341 [pool-1-thread-4] INFO  c.gateway.service.HealthCheckService - Performing health checks on 7 targets
2026-02-18 01:25:18.341 [pool-1-thread-4] INFO  c.gateway.service.HealthCheckService - Performing health checks on 7 targets
2026-02-18 01:25:48.341 [pool-1-thread-4] INFO  c.gateway.service.HealthCheckService - Performing health checks on 7 targets
2026-02-18 01:26:18.341 [pool-1-thread-4] INFO  c.gateway.service.HealthCheckService - Performing health checks on 7 targets
2026-02-18 01:26:48.341 [pool-1-thread-4] INFO  c.gateway.service.HealthCheckService - Performing health checks on 7 targets
2026-02-18 01:27:18.340 [pool-1-thread-4] INFO  c.gateway.service.HealthCheckService - Performing health checks on 7 targets
2026-02-18 01:27:48.340 [pool-1-thread-4] INFO  c.gateway.service.HealthCheckService - Performing health checks on 7 targets
2026-02-18 01:28:18.341 [pool-1-thread-4] INFO  c.gateway.service.HealthCheckService - Performing health checks on 7 targets
2026-02-18 01:28:48.341 [pool-1-thread-4] INFO  c.gateway.service.HealthCheckService - Performing health checks on 7 targets
2026-02-18 01:29:18.340 [pool-1-thread-4] INFO  c.gateway.service.HealthCheckService - Performing health checks on 7 targets
2026-02-18 01:29:48.341 [pool-1-thread-4] INFO  c.gateway.service.HealthCheckService - Performing health checks on 7 targets
2026-02-18 01:30:18.340 [pool-1-thread-4] INFO  c.gateway.service.HealthCheckService - Performing health checks on 7 targets
2026-02-18 01:30:48.340 [pool-1-thread-4] INFO  c.gateway.service.HealthCheckService - Performing health checks on 7 targets
2026-02-18 01:30:53.350 [pool-2-thread-5] INFO  c.g.repository.TargetRepository - Updated target 79aae457-54c2-4440-8eeb-731e42b76ab6 health status to: unhealthy
2026-02-18 01:30:53.351 [pool-2-thread-5] WARN  c.gateway.service.HealthCheckService - Target marked unhealthy after 3 failures: https://httpbin.org
2026-02-18 01:30:53.351 [pool-2-thread-7] INFO  c.g.repository.TargetRepository - Updated target 9ab63b32-8a1b-42ae-97e1-e6523a596b79 health status to: unhealthy
2026-02-18 01:30:53.351 [pool-2-thread-7] WARN  c.gateway.service.HealthCheckService - Target marked unhealthy after 3 failures: https://httpbin.org
2026-02-18 01:30:53.352 [pool-2-thread-2] INFO  c.g.repository.TargetRepository - Updated target 77486f23-74be-4206-b4e0-70721e1e8942 health status to: unhealthy
2026-02-18 01:30:53.352 [pool-2-thread-2] WARN  c.gateway.service.HealthCheckService - Target marked unhealthy after 3 failures: https://postman-echo.com
2026-02-18 01:30:53.352 [pool-2-thread-10] INFO  c.g.repository.TargetRepository - Updated target b3c31ad4-4c18-48a1-a22e-32ef80e22afa health status to: unhealthy
2026-02-18 01:30:53.352 [pool-2-thread-9] INFO  c.g.repository.TargetRepository - Updated target adf48d99-c059-4484-bebb-31a5aa85a289 health status to: unhealthy
2026-02-18 01:30:53.352 [pool-2-thread-9] WARN  c.gateway.service.HealthCheckService - Target marked unhealthy after 3 failures: https://jsonplaceholder.typicode.com
2026-02-18 01:30:53.352 [pool-2-thread-8] INFO  c.g.repository.TargetRepository - Updated target cc7267fa-dc69-4d4e-991a-56c5254cc3fb health status to: unhealthy
2026-02-18 01:30:53.352 [pool-2-thread-4] INFO  c.g.repository.TargetRepository - Updated target 990594bd-4b9a-416b-b45a-d2fd9c029eaa health status to: unhealthy
2026-02-18 01:30:53.352 [pool-2-thread-8] WARN  c.gateway.service.HealthCheckService - Target marked unhealthy after 3 failures: https://postman-echo.com
2026-02-18 01:30:53.352 [pool-2-thread-4] WARN  c.gateway.service.HealthCheckService - Target marked unhealthy after 3 failures: https://jsonplaceholder.typicode.com
2026-02-18 01:30:53.352 [pool-2-thread-10] WARN  c.gateway.service.HealthCheckService - Target marked unhealthy after 3 failures: https://jsonplaceholder.typicode.com
2026-02-18 01:31:18.341 [pool-1-thread-5] INFO  c.gateway.service.HealthCheckService - Performing health checks on 7 targets
2026-02-18 01:31:20.105 [pool-2-thread-3] INFO  c.g.repository.TargetRepository - Updated target 79aae457-54c2-4440-8eeb-731e42b76ab6 health status to: healthy
2026-02-18 01:31:20.105 [pool-2-thread-3] INFO  c.gateway.service.HealthCheckService - Target recovered: https://httpbin.org
2026-02-18 01:31:20.111 [pool-2-thread-5] INFO  c.g.repository.TargetRepository - Updated target 9ab63b32-8a1b-42ae-97e1-e6523a596b79 health status to: healthy
2026-02-18 01:31:20.111 [pool-2-thread-5] INFO  c.gateway.service.HealthCheckService - Target recovered: https://httpbin.org
2026-02-18 01:31:48.340 [pool-1-thread-5] INFO  c.gateway.service.HealthCheckService - Performing health checks on 7 targets
2026-02-18 01:31:48.378 [pool-2-thread-6] INFO  c.g.repository.TargetRepository - Updated target b3c31ad4-4c18-48a1-a22e-32ef80e22afa health status to: healthy
2026-02-18 01:31:48.378 [pool-2-thread-6] INFO  c.gateway.service.HealthCheckService - Target recovered: https://jsonplaceholder.typicode.com
2026-02-18 01:31:48.379 [pool-2-thread-10] INFO  c.g.repository.TargetRepository - Updated target 990594bd-4b9a-416b-b45a-d2fd9c029eaa health status to: healthy
2026-02-18 01:31:48.379 [pool-2-thread-10] INFO  c.gateway.service.HealthCheckService - Target recovered: https://jsonplaceholder.typicode.com
2026-02-18 01:31:48.380 [pool-2-thread-5] INFO  c.g.repository.TargetRepository - Updated target adf48d99-c059-4484-bebb-31a5aa85a289 health status to: healthy
2026-02-18 01:31:48.380 [pool-2-thread-5] INFO  c.gateway.service.HealthCheckService - Target recovered: https://jsonplaceholder.typicode.com
2026-02-18 01:31:48.681 [pool-2-thread-3] INFO  c.g.repository.TargetRepository - Updated target 77486f23-74be-4206-b4e0-70721e1e8942 health status to: healthy
2026-02-18 01:31:48.681 [pool-2-thread-3] INFO  c.gateway.service.HealthCheckService - Target recovered: https://postman-echo.com
2026-02-18 01:31:48.681 [pool-2-thread-1] INFO  c.g.repository.TargetRepository - Updated target cc7267fa-dc69-4d4e-991a-56c5254cc3fb health status to: healthy
2026-02-18 01:31:48.682 [pool-2-thread-1] INFO  c.gateway.service.HealthCheckService - Target recovered: https://postman-echo.com
2026-02-18 01:32:18.340 [pool-1-thread-5] INFO  c.gateway.service.HealthCheckService - Performing health checks on 7 targets
2026-02-18 01:32:48.341 [pool-1-thread-5] INFO  c.gateway.service.HealthCheckService - Performing health checks on 7 targets
2026-02-18 01:33:18.341 [pool-1-thread-5] INFO  c.gateway.service.HealthCheckService - Performing health checks on 7 targets
2026-02-18 01:33:48.340 [pool-1-thread-5] INFO  c.gateway.service.HealthCheckService - Performing health checks on 7 targets
2026-02-18 01:34:18.340 [pool-1-thread-5] INFO  c.gateway.service.HealthCheckService - Performing health checks on 7 targets
2026-02-18 01:34:48.341 [pool-1-thread-5] INFO  c.gateway.service.HealthCheckService - Performing health checks on 7 targets
2026-02-18 01:35:18.340 [pool-1-thread-5] INFO  c.gateway.service.HealthCheckService - Performing health checks on 7 targets
2026-02-18 01:35:48.340 [pool-1-thread-5] INFO  c.gateway.service.HealthCheckService - Performing health checks on 7 targets
2026-02-18 01:36:18.342 [pool-1-thread-5] INFO  c.gateway.service.HealthCheckService - Performing health checks on 7 targets
2026-02-18 01:36:48.342 [pool-1-thread-5] INFO  c.gateway.service.HealthCheckService - Performing health checks on 7 targets
2026-02-18 01:37:18.340 [pool-1-thread-5] INFO  c.gateway.service.HealthCheckService - Performing health checks on 7 targets
2026-02-18 01:37:48.340 [pool-1-thread-5] INFO  c.gateway.service.HealthCheckService - Performing health checks on 7 targets
2026-02-18 01:38:18.341 [pool-1-thread-5] INFO  c.gateway.service.HealthCheckService - Performing health checks on 7 targets
2026-02-18 01:38:48.341 [pool-1-thread-5] INFO  c.gateway.service.HealthCheckService - Performing health checks on 7 targets
2026-02-18 01:39:18.342 [pool-1-thread-5] INFO  c.gateway.service.HealthCheckService - Performing health checks on 7 targets
2026-02-18 01:39:48.341 [pool-1-thread-5] INFO  c.gateway.service.HealthCheckService - Performing health checks on 7 targets
2026-02-18 01:40:18.342 [pool-1-thread-5] INFO  c.gateway.service.HealthCheckService - Performing health checks on 7 targets
2026-02-18 01:40:48.341 [pool-1-thread-5] INFO  c.gateway.service.HealthCheckService - Performing health checks on 7 targets
2026-02-18 01:41:18.341 [pool-1-thread-5] INFO  c.gateway.service.HealthCheckService - Performing health checks on 7 targets
2026-02-18 01:41:48.341 [pool-1-thread-5] INFO  c.gateway.service.HealthCheckService - Performing health checks on 7 targets
2026-02-18 01:42:18.340 [pool-1-thread-5] INFO  c.gateway.service.HealthCheckService - Performing health checks on 7 targets
2026-02-18 01:42:48.340 [pool-1-thread-5] INFO  c.gateway.service.HealthCheckService - Performing health checks on 7 targets
2026-02-18 01:43:18.341 [pool-1-thread-5] INFO  c.gateway.service.HealthCheckService - Performing health checks on 7 targets
2026-02-18 01:43:48.340 [pool-1-thread-5] INFO  c.gateway.service.HealthCheckService - Performing health checks on 7 targets
2026-02-18 01:44:18.342 [pool-1-thread-5] INFO  c.gateway.service.HealthCheckService - Performing health checks on 7 targets
2026-02-18 01:44:48.341 [pool-1-thread-5] INFO  c.gateway.service.HealthCheckService - Performing health checks on 7 targets
2026-02-18 01:45:18.341 [pool-1-thread-5] INFO  c.gateway.service.HealthCheckService - Performing health checks on 7 targets
2026-02-18 01:45:48.341 [pool-1-thread-5] INFO  c.gateway.service.HealthCheckService - Performing health checks on 7 targets
2026-02-18 01:46:18.341 [pool-1-thread-5] INFO  c.gateway.service.HealthCheckService - Performing health checks on 7 targets
2026-02-18 01:46:48.341 [pool-1-thread-5] INFO  c.gateway.service.HealthCheckService - Performing health checks on 7 targets
2026-02-18 01:47:18.340 [pool-1-thread-5] INFO  c.gateway.service.HealthCheckService - Performing health checks on 7 targets
2026-02-18 01:47:48.340 [pool-1-thread-5] INFO  c.gateway.service.HealthCheckService - Performing health checks on 7 targets
2026-02-18 01:48:18.341 [pool-1-thread-5] INFO  c.gateway.service.HealthCheckService - Performing health checks on 7 targets
2026-02-18 01:48:48.341 [pool-1-thread-5] INFO  c.gateway.service.HealthCheckService - Performing health checks on 7 targets
2026-02-18 01:49:18.341 [pool-1-thread-5] INFO  c.gateway.service.HealthCheckService - Performing health checks on 7 targets
2026-02-18 01:49:48.341 [pool-1-thread-5] INFO  c.gateway.service.HealthCheckService - Performing health checks on 7 targets
2026-02-18 01:50:18.341 [pool-1-thread-5] INFO  c.gateway.service.HealthCheckService - Performing health checks on 7 targets
2026-02-18 01:50:48.341 [pool-1-thread-5] INFO  c.gateway.service.HealthCheckService - Performing health checks on 7 targets
2026-02-18 01:51:18.341 [pool-1-thread-5] INFO  c.gateway.service.HealthCheckService - Performing health checks on 7 targets
2026-02-18 01:51:48.341 [pool-1-thread-5] INFO  c.gateway.service.HealthCheckService - Performing health checks on 7 targets
2026-02-18 01:52:18.340 [pool-1-thread-5] INFO  c.gateway.service.HealthCheckService - Performing health checks on 7 targets
2026-02-18 01:52:48.341 [pool-1-thread-5] INFO  c.gateway.service.HealthCheckService - Performing health checks on 7 targets
2026-02-18 01:53:18.341 [pool-1-thread-4] INFO  c.gateway.service.HealthCheckService - Performing health checks on 7 targets
2026-02-18 01:53:48.341 [pool-1-thread-4] INFO  c.gateway.service.HealthCheckService - Performing health checks on 7 targets
2026-02-18 01:54:18.341 [pool-1-thread-4] INFO  c.gateway.service.HealthCheckService - Performing health checks on 7 targets
2026-02-18 01:54:48.342 [pool-1-thread-4] INFO  c.gateway.service.HealthCheckService - Performing health checks on 7 targets
2026-02-18 01:55:18.341 [pool-1-thread-4] INFO  c.gateway.service.HealthCheckService - Performing health checks on 7 targets
2026-02-18 01:55:48.340 [pool-1-thread-4] INFO  c.gateway.service.HealthCheckService - Performing health checks on 7 targets
2026-02-18 01:56:18.340 [pool-1-thread-4] INFO  c.gateway.service.HealthCheckService - Performing health checks on 7 targets
2026-02-18 01:56:48.340 [pool-1-thread-4] INFO  c.gateway.service.HealthCheckService - Performing health checks on 7 targets
2026-02-18 01:57:18.341 [pool-1-thread-4] INFO  c.gateway.service.HealthCheckService - Performing health checks on 7 targets
2026-02-18 01:57:48.341 [pool-1-thread-4] INFO  c.gateway.service.HealthCheckService - Performing health checks on 7 targets
2026-02-18 16:45:56.161 [pool-1-thread-4] INFO  c.gateway.service.HealthCheckService - Performing health checks on 7 targets
2026-02-18 20:37:11.654 [pool-1-thread-4] INFO  c.gateway.service.HealthCheckService - Performing health checks on 7 targets
2026-02-18 20:37:41.656 [pool-1-thread-4] INFO  c.gateway.service.HealthCheckService - Performing health checks on 7 targets
2026-02-18 20:38:11.655 [pool-1-thread-4] INFO  c.gateway.service.HealthCheckService - Performing health checks on 7 targets
2026-02-18 20:38:41.656 [pool-1-thread-4] INFO  c.gateway.service.HealthCheckService - Performing health checks on 7 targets
2026-02-18 20:39:11.656 [pool-1-thread-4] INFO  c.gateway.service.HealthCheckService - Performing health checks on 7 targets
2026-02-18 20:39:41.654 [pool-1-thread-4] INFO  c.gateway.service.HealthCheckService - Performing health checks on 7 targets
2026-02-18 20:40:11.655 [pool-1-thread-4] INFO  c.gateway.service.HealthCheckService - Performing health checks on 7 targets
2026-02-18 20:40:41.655 [pool-1-thread-4] INFO  c.gateway.service.HealthCheckService - Performing health checks on 7 targets
2026-02-18 20:41:11.654 [pool-1-thread-4] INFO  c.gateway.service.HealthCheckService - Performing health checks on 7 targets
2026-02-18 20:41:41.654 [pool-1-thread-4] INFO  c.gateway.service.HealthCheckService - Performing health checks on 7 targets
2026-02-18 20:42:11.654 [pool-1-thread-4] INFO  c.gateway.service.HealthCheckService - Performing health checks on 7 targets
2026-02-18 20:42:41.654 [pool-1-thread-4] INFO  c.gateway.service.HealthCheckService - Performing health checks on 7 targets
2026-02-18 20:43:11.654 [pool-1-thread-4] INFO  c.gateway.service.HealthCheckService - Performing health checks on 7 targets
2026-02-18 20:43:41.654 [pool-1-thread-4] INFO  c.gateway.service.HealthCheckService - Performing health checks on 7 targets
2026-02-18 20:44:11.654 [pool-1-thread-4] INFO  c.gateway.service.HealthCheckService - Performing health checks on 7 targets
2026-02-18 20:44:41.654 [pool-1-thread-4] INFO  c.gateway.service.HealthCheckService - Performing health checks on 7 targets
2026-02-18 20:45:11.654 [pool-1-thread-4] INFO  c.gateway.service.HealthCheckService - Performing health checks on 7 targets
2026-02-18 20:45:41.654 [pool-1-thread-4] INFO  c.gateway.service.HealthCheckService - Performing health checks on 7 targets
2026-02-18 20:46:11.654 [pool-1-thread-4] INFO  c.gateway.service.HealthCheckService - Performing health checks on 7 targets
2026-02-18 20:46:41.654 [pool-1-thread-4] INFO  c.gateway.service.HealthCheckService - Performing health checks on 7 targets
2026-02-18 20:47:11.654 [pool-1-thread-4] INFO  c.gateway.service.HealthCheckService - Performing health checks on 7 targets
2026-02-18 20:47:41.654 [pool-1-thread-4] INFO  c.gateway.service.HealthCheckService - Performing health checks on 7 targets
2026-02-18 20:48:11.654 [pool-1-thread-4] INFO  c.gateway.service.HealthCheckService - Performing health checks on 7 targets
2026-02-18 20:48:41.654 [pool-1-thread-4] INFO  c.gateway.service.HealthCheckService - Performing health checks on 7 targets
2026-02-18 20:49:11.654 [pool-1-thread-4] INFO  c.gateway.service.HealthCheckService - Performing health checks on 7 targets
2026-02-18 20:49:41.654 [pool-1-thread-4] INFO  c.gateway.service.HealthCheckService - Performing health checks on 7 targets
2026-02-18 20:50:11.654 [pool-1-thread-4] INFO  c.gateway.service.HealthCheckService - Performing health checks on 7 targets
2026-02-18 20:50:41.654 [pool-1-thread-4] INFO  c.gateway.service.HealthCheckService - Performing health checks on 7 targets
2026-02-18 20:51:11.655 [pool-1-thread-4] INFO  c.gateway.service.HealthCheckService - Performing health checks on 7 targets
2026-02-18 20:51:41.654 [pool-1-thread-4] INFO  c.gateway.service.HealthCheckService - Performing health checks on 7 targets
2026-02-18 20:52:11.654 [pool-1-thread-4] INFO  c.gateway.service.HealthCheckService - Performing health checks on 7 targets
2026-02-18 20:52:41.654 [pool-1-thread-4] INFO  c.gateway.service.HealthCheckService - Performing health checks on 7 targets
2026-02-18 20:53:11.654 [pool-1-thread-4] INFO  c.gateway.service.HealthCheckService - Performing health checks on 7 targets
2026-02-18 20:53:41.654 [pool-1-thread-4] INFO  c.gateway.service.HealthCheckService - Performing health checks on 7 targets
2026-02-18 20:54:11.654 [pool-1-thread-4] INFO  c.gateway.service.HealthCheckService - Performing health checks on 7 targets
2026-02-18 20:54:41.654 [pool-1-thread-4] INFO  c.gateway.service.HealthCheckService - Performing health checks on 7 targets
2026-02-18 20:55:11.654 [pool-1-thread-4] INFO  c.gateway.service.HealthCheckService - Performing health checks on 7 targets
2026-02-18 20:55:41.655 [pool-1-thread-4] INFO  c.gateway.service.HealthCheckService - Performing health checks on 7 targets
2026-02-18 20:56:11.654 [pool-1-thread-4] INFO  c.gateway.service.HealthCheckService - Performing health checks on 7 targets
2026-02-18 20:56:41.654 [pool-1-thread-4] INFO  c.gateway.service.HealthCheckService - Performing health checks on 7 targets
2026-02-18 20:57:11.654 [pool-1-thread-4] INFO  c.gateway.service.HealthCheckService - Performing health checks on 7 targets
2026-02-18 20:57:41.656 [pool-1-thread-4] INFO  c.gateway.service.HealthCheckService - Performing health checks on 7 targets
2026-02-18 20:58:11.654 [pool-1-thread-4] INFO  c.gateway.service.HealthCheckService - Performing health checks on 7 targets
2026-02-18 20:58:41.654 [pool-1-thread-4] INFO  c.gateway.service.HealthCheckService - Performing health checks on 7 targets
2026-02-18 20:59:11.654 [pool-1-thread-4] INFO  c.gateway.service.HealthCheckService - Performing health checks on 7 targets
2026-02-18 20:59:41.654 [pool-1-thread-4] INFO  c.gateway.service.HealthCheckService - Performing health checks on 7 targets
2026-02-18 21:00:11.654 [pool-1-thread-4] INFO  c.gateway.service.HealthCheckService - Performing health checks on 7 targets
2026-02-18 21:00:41.655 [pool-1-thread-4] INFO  c.gateway.service.HealthCheckService - Performing health checks on 7 targets
2026-02-18 21:01:11.655 [pool-1-thread-4] INFO  c.gateway.service.HealthCheckService - Performing health checks on 7 targets
2026-02-18 21:01:41.654 [pool-1-thread-4] INFO  c.gateway.service.HealthCheckService - Performing health checks on 7 targets
2026-02-18 21:02:11.655 [pool-1-thread-4] INFO  c.gateway.service.HealthCheckService - Performing health checks on 7 targets
2026-02-18 21:02:41.655 [pool-1-thread-4] INFO  c.gateway.service.HealthCheckService - Performing health checks on 7 targets
2026-02-18 21:03:11.655 [pool-1-thread-4] INFO  c.gateway.service.HealthCheckService - Performing health checks on 7 targets
2026-02-18 21:03:41.655 [pool-1-thread-4] INFO  c.gateway.service.HealthCheckService - Performing health checks on 7 targets
2026-02-18 21:04:11.654 [pool-1-thread-4] INFO  c.gateway.service.HealthCheckService - Performing health checks on 7 targets
2026-02-18 21:04:41.654 [pool-1-thread-4] INFO  c.gateway.service.HealthCheckService - Performing health checks on 7 targets
2026-02-18 21:05:11.655 [pool-1-thread-4] INFO  c.gateway.service.HealthCheckService - Performing health checks on 7 targets
2026-02-18 21:05:41.654 [pool-1-thread-4] INFO  c.gateway.service.HealthCheckService - Performing health checks on 7 targets
2026-02-18 21:06:11.655 [pool-1-thread-4] INFO  c.gateway.service.HealthCheckService - Performing health checks on 7 targets
2026-02-18 21:06:41.656 [pool-1-thread-4] INFO  c.gateway.service.HealthCheckService - Performing health checks on 7 targets
2026-02-18 21:07:11.655 [pool-1-thread-4] INFO  c.gateway.service.HealthCheckService - Performing health checks on 7 targets
2026-02-18 21:07:41.655 [pool-1-thread-4] INFO  c.gateway.service.HealthCheckService - Performing health checks on 7 targets
2026-02-18 21:08:11.655 [pool-1-thread-4] INFO  c.gateway.service.HealthCheckService - Performing health checks on 7 targets
2026-02-18 21:08:41.655 [pool-1-thread-4] INFO  c.gateway.service.HealthCheckService - Performing health checks on 7 targets
2026-02-18 21:09:11.654 [pool-1-thread-4] INFO  c.gateway.service.HealthCheckService - Performing health checks on 7 targets
2026-02-18 21:09:41.654 [pool-1-thread-4] INFO  c.gateway.service.HealthCheckService - Performing health checks on 7 targets
2026-02-18 21:10:11.655 [pool-1-thread-3] INFO  c.gateway.service.HealthCheckService - Performing health checks on 7 targets
2026-02-18 21:10:41.654 [pool-1-thread-3] INFO  c.gateway.service.HealthCheckService - Performing health checks on 7 targets
2026-02-18 21:11:11.655 [pool-1-thread-3] INFO  c.gateway.service.HealthCheckService - Performing health checks on 7 targets
2026-02-18 21:11:41.654 [pool-1-thread-3] INFO  c.gateway.service.HealthCheckService - Performing health checks on 7 targets
2026-02-18 21:12:11.656 [pool-1-thread-3] INFO  c.gateway.service.HealthCheckService - Performing health checks on 7 targets
2026-02-18 21:12:41.655 [pool-1-thread-3] INFO  c.gateway.service.HealthCheckService - Performing health checks on 7 targets
2026-02-18 21:13:11.656 [pool-1-thread-3] INFO  c.gateway.service.HealthCheckService - Performing health checks on 7 targets
2026-02-18 21:13:41.654 [pool-1-thread-3] INFO  c.gateway.service.HealthCheckService - Performing health checks on 7 targets
2026-02-18 21:14:11.655 [pool-1-thread-3] INFO  c.gateway.service.HealthCheckService - Performing health checks on 7 targets
2026-02-18 21:14:41.656 [pool-1-thread-3] INFO  c.gateway.service.HealthCheckService - Performing health checks on 7 targets
2026-02-18 21:15:11.655 [pool-1-thread-3] INFO  c.gateway.service.HealthCheckService - Performing health checks on 7 targets
2026-02-18 21:15:16.663 [pool-2-thread-5] INFO  c.g.repository.TargetRepository - Updated target 77486f23-74be-4206-b4e0-70721e1e8942 health status to: unhealthy
2026-02-18 21:15:16.663 [pool-2-thread-5] WARN  c.gateway.service.HealthCheckService - Target marked unhealthy after 3 failures: https://postman-echo.com
2026-02-18 21:15:16.665 [pool-2-thread-2] INFO  c.g.repository.TargetRepository - Updated target cc7267fa-dc69-4d4e-991a-56c5254cc3fb health status to: unhealthy
2026-02-18 21:15:16.665 [pool-2-thread-2] WARN  c.gateway.service.HealthCheckService - Target marked unhealthy after 3 failures: https://postman-echo.com
2026-02-18 21:15:41.654 [pool-1-thread-3] INFO  c.gateway.service.HealthCheckService - Performing health checks on 7 targets
2026-02-18 21:15:42.018 [pool-2-thread-3] INFO  c.g.repository.TargetRepository - Updated target cc7267fa-dc69-4d4e-991a-56c5254cc3fb health status to: healthy
2026-02-18 21:15:42.019 [pool-2-thread-3] INFO  c.gateway.service.HealthCheckService - Target recovered: https://postman-echo.com
2026-02-18 21:15:42.019 [pool-2-thread-6] INFO  c.g.repository.TargetRepository - Updated target 77486f23-74be-4206-b4e0-70721e1e8942 health status to: healthy
2026-02-18 21:15:42.019 [pool-2-thread-6] INFO  c.gateway.service.HealthCheckService - Target recovered: https://postman-echo.com
2026-02-18 21:16:11.654 [pool-1-thread-3] INFO  c.gateway.service.HealthCheckService - Performing health checks on 7 targets
2026-02-18 21:16:41.654 [pool-1-thread-3] INFO  c.gateway.service.HealthCheckService - Performing health checks on 7 targets
2026-02-18 21:17:11.654 [pool-1-thread-3] INFO  c.gateway.service.HealthCheckService - Performing health checks on 7 targets
2026-02-18 21:17:41.654 [pool-1-thread-3] INFO  c.gateway.service.HealthCheckService - Performing health checks on 7 targets
2026-02-18 21:18:11.655 [pool-1-thread-3] INFO  c.gateway.service.HealthCheckService - Performing health checks on 7 targets
2026-02-18 21:18:41.655 [pool-1-thread-3] INFO  c.gateway.service.HealthCheckService - Performing health checks on 7 targets
2026-02-18 21:19:11.655 [pool-1-thread-3] INFO  c.gateway.service.HealthCheckService - Performing health checks on 7 targets
2026-02-18 21:19:41.655 [pool-1-thread-3] INFO  c.gateway.service.HealthCheckService - Performing health checks on 7 targets
2026-02-18 21:20:11.654 [pool-1-thread-3] INFO  c.gateway.service.HealthCheckService - Performing health checks on 7 targets
2026-02-18 21:20:41.656 [pool-1-thread-3] INFO  c.gateway.service.HealthCheckService - Performing health checks on 7 targets
2026-02-18 21:21:11.655 [pool-1-thread-3] INFO  c.gateway.service.HealthCheckService - Performing health checks on 7 targets
2026-02-18 21:21:41.655 [pool-1-thread-3] INFO  c.gateway.service.HealthCheckService - Performing health checks on 7 targets
2026-02-18 21:22:11.655 [pool-1-thread-3] INFO  c.gateway.service.HealthCheckService - Performing health checks on 7 targets
2026-02-18 21:22:41.655 [pool-1-thread-3] INFO  c.gateway.service.HealthCheckService - Performing health checks on 7 targets
2026-02-18 21:23:11.655 [pool-1-thread-3] INFO  c.gateway.service.HealthCheckService - Performing health checks on 7 targets
2026-02-18 21:23:41.655 [pool-1-thread-3] INFO  c.gateway.service.HealthCheckService - Performing health checks on 7 targets
2026-02-18 21:24:11.654 [pool-1-thread-3] INFO  c.gateway.service.HealthCheckService - Performing health checks on 7 targets
2026-02-18 21:24:41.654 [pool-1-thread-3] INFO  c.gateway.service.HealthCheckService - Performing health checks on 7 targets
2026-02-18 21:25:11.654 [pool-1-thread-3] INFO  c.gateway.service.HealthCheckService - Performing health checks on 7 targets
2026-02-18 21:25:41.654 [pool-1-thread-3] INFO  c.gateway.service.HealthCheckService - Performing health checks on 7 targets
2026-02-18 21:26:11.654 [pool-1-thread-3] INFO  c.gateway.service.HealthCheckService - Performing health checks on 7 targets
2026-02-18 21:26:41.654 [pool-1-thread-3] INFO  c.gateway.service.HealthCheckService - Performing health checks on 7 targets
2026-02-18 21:27:11.654 [pool-1-thread-3] INFO  c.gateway.service.HealthCheckService - Performing health checks on 7 targets
2026-02-18 21:27:41.655 [pool-1-thread-3] INFO  c.gateway.service.HealthCheckService - Performing health checks on 7 targets
2026-02-18 21:28:11.655 [pool-1-thread-3] INFO  c.gateway.service.HealthCheckService - Performing health checks on 7 targets
2026-02-18 21:28:41.655 [pool-1-thread-3] INFO  c.gateway.service.HealthCheckService - Performing health checks on 7 targets
2026-02-18 21:29:11.654 [pool-1-thread-3] INFO  c.gateway.service.HealthCheckService - Performing health checks on 7 targets
2026-02-18 21:29:41.655 [pool-1-thread-3] INFO  c.gateway.service.HealthCheckService - Performing health checks on 7 targets
2026-02-18 21:30:11.655 [pool-1-thread-3] INFO  c.gateway.service.HealthCheckService - Performing health checks on 7 targets
2026-02-18 21:30:41.655 [pool-1-thread-3] INFO  c.gateway.service.HealthCheckService - Performing health checks on 7 targets
2026-02-18 21:31:11.655 [pool-1-thread-3] INFO  c.gateway.service.HealthCheckService - Performing health checks on 7 targets
2026-02-18 21:31:41.655 [pool-1-thread-3] INFO  c.gateway.service.HealthCheckService - Performing health checks on 7 targets
2026-02-18 21:32:11.655 [pool-1-thread-3] INFO  c.gateway.service.HealthCheckService - Performing health checks on 7 targets
2026-02-18 21:32:41.655 [pool-1-thread-3] INFO  c.gateway.service.HealthCheckService - Performing health checks on 7 targets
2026-02-18 21:33:11.654 [pool-1-thread-3] INFO  c.gateway.service.HealthCheckService - Performing health checks on 7 targets
2026-02-18 21:33:41.656 [pool-1-thread-3] INFO  c.gateway.service.HealthCheckService - Performing health checks on 7 targets
2026-02-18 21:34:11.657 [pool-1-thread-3] INFO  c.gateway.service.HealthCheckService - Performing health checks on 7 targets
2026-02-18 21:34:41.660 [pool-1-thread-2] INFO  c.gateway.service.HealthCheckService - Performing health checks on 7 targets
2026-02-18 21:35:11.655 [pool-1-thread-2] INFO  c.gateway.service.HealthCheckService - Performing health checks on 7 targets
2026-02-18 21:35:41.655 [pool-1-thread-2] INFO  c.gateway.service.HealthCheckService - Performing health checks on 7 targets
2026-02-18 21:36:11.655 [pool-1-thread-2] INFO  c.gateway.service.HealthCheckService - Performing health checks on 7 targets
2026-02-18 21:36:41.656 [pool-1-thread-2] INFO  c.gateway.service.HealthCheckService - Performing health checks on 7 targets
2026-02-18 21:37:11.654 [pool-1-thread-2] INFO  c.gateway.service.HealthCheckService - Performing health checks on 7 targets
2026-02-18 21:37:41.655 [pool-1-thread-2] INFO  c.gateway.service.HealthCheckService - Performing health checks on 7 targets
2026-02-18 21:38:11.656 [pool-1-thread-4] INFO  c.gateway.service.HealthCheckService - Performing health checks on 7 targets
2026-02-18 21:38:41.654 [pool-1-thread-4] INFO  c.gateway.service.HealthCheckService - Performing health checks on 7 targets
2026-02-18 21:39:11.656 [pool-1-thread-4] INFO  c.gateway.service.HealthCheckService - Performing health checks on 7 targets
2026-02-18 21:39:41.655 [pool-1-thread-4] INFO  c.gateway.service.HealthCheckService - Performing health checks on 7 targets
2026-02-18 21:40:11.655 [pool-1-thread-4] INFO  c.gateway.service.HealthCheckService - Performing health checks on 7 targets
2026-02-18 21:40:41.655 [pool-1-thread-4] INFO  c.gateway.service.HealthCheckService - Performing health checks on 7 targets
2026-02-18 21:41:11.659 [pool-1-thread-4] INFO  c.gateway.service.HealthCheckService - Performing health checks on 7 targets
2026-02-18 21:41:41.654 [pool-1-thread-4] INFO  c.gateway.service.HealthCheckService - Performing health checks on 7 targets
2026-02-18 21:42:11.654 [pool-1-thread-4] INFO  c.gateway.service.HealthCheckService - Performing health checks on 7 targets
2026-02-18 21:42:41.655 [pool-1-thread-4] INFO  c.gateway.service.HealthCheckService - Performing health checks on 7 targets
2026-02-18 21:43:11.654 [pool-1-thread-4] INFO  c.gateway.service.HealthCheckService - Performing health checks on 7 targets
2026-02-18 21:43:41.655 [pool-1-thread-4] INFO  c.gateway.service.HealthCheckService - Performing health checks on 7 targets
2026-02-18 21:44:11.655 [pool-1-thread-4] INFO  c.gateway.service.HealthCheckService - Performing health checks on 7 targets
2026-02-18 21:44:41.656 [pool-1-thread-4] INFO  c.gateway.service.HealthCheckService - Performing health checks on 7 targets
2026-02-18 21:45:11.655 [pool-1-thread-4] INFO  c.gateway.service.HealthCheckService - Performing health checks on 7 targets
2026-02-18 21:45:41.655 [pool-1-thread-4] INFO  c.gateway.service.HealthCheckService - Performing health checks on 7 targets
2026-02-18 21:46:11.655 [pool-1-thread-4] INFO  c.gateway.service.HealthCheckService - Performing health checks on 7 targets
2026-02-18 21:46:41.655 [pool-1-thread-4] INFO  c.gateway.service.HealthCheckService - Performing health checks on 7 targets
2026-02-18 21:47:11.654 [pool-1-thread-4] INFO  c.gateway.service.HealthCheckService - Performing health checks on 7 targets
2026-02-18 21:47:41.654 [pool-1-thread-4] INFO  c.gateway.service.HealthCheckService - Performing health checks on 7 targets
2026-02-18 21:48:11.655 [pool-1-thread-4] INFO  c.gateway.service.HealthCheckService - Performing health checks on 7 targets
2026-02-18 21:48:41.655 [pool-1-thread-4] INFO  c.gateway.service.HealthCheckService - Performing health checks on 7 targets
2026-02-18 21:49:11.655 [pool-1-thread-4] INFO  c.gateway.service.HealthCheckService - Performing health checks on 7 targets
2026-02-18 21:49:41.655 [pool-1-thread-4] INFO  c.gateway.service.HealthCheckService - Performing health checks on 7 targets
2026-02-18 21:50:11.655 [pool-1-thread-4] INFO  c.gateway.service.HealthCheckService - Performing health checks on 7 targets
2026-02-18 21:50:41.654 [pool-1-thread-4] INFO  c.gateway.service.HealthCheckService - Performing health checks on 7 targets
2026-02-18 21:51:11.654 [pool-1-thread-4] INFO  c.gateway.service.HealthCheckService - Performing health checks on 7 targets
2026-02-18 21:51:41.654 [pool-1-thread-4] INFO  c.gateway.service.HealthCheckService - Performing health checks on 7 targets
2026-02-18 21:52:11.655 [pool-1-thread-4] INFO  c.gateway.service.HealthCheckService - Performing health checks on 7 targets
2026-02-18 21:52:41.655 [pool-1-thread-4] INFO  c.gateway.service.HealthCheckService - Performing health checks on 7 targets
2026-02-18 21:53:11.655 [pool-1-thread-4] INFO  c.gateway.service.HealthCheckService - Performing health checks on 7 targets
2026-02-18 21:53:41.654 [pool-1-thread-4] INFO  c.gateway.service.HealthCheckService - Performing health checks on 7 targets
2026-02-18 21:54:11.655 [pool-1-thread-4] INFO  c.gateway.service.HealthCheckService - Performing health checks on 7 targets
2026-02-18 21:54:41.655 [pool-1-thread-4] INFO  c.gateway.service.HealthCheckService - Performing health checks on 7 targets
2026-02-18 21:55:11.656 [pool-1-thread-4] INFO  c.gateway.service.HealthCheckService - Performing health checks on 7 targets
2026-02-18 21:55:41.655 [pool-1-thread-4] INFO  c.gateway.service.HealthCheckService - Performing health checks on 7 targets
2026-02-18 21:56:11.655 [pool-1-thread-4] INFO  c.gateway.service.HealthCheckService - Performing health checks on 7 targets
2026-02-18 21:56:41.655 [pool-1-thread-4] INFO  c.gateway.service.HealthCheckService - Performing health checks on 7 targets
2026-02-18 21:57:11.655 [pool-1-thread-4] INFO  c.gateway.service.HealthCheckService - Performing health checks on 7 targets
2026-02-18 21:57:41.655 [pool-1-thread-4] INFO  c.gateway.service.HealthCheckService - Performing health checks on 7 targets
2026-02-18 21:58:11.655 [pool-1-thread-4] INFO  c.gateway.service.HealthCheckService - Performing health checks on 7 targets
2026-02-18 21:58:41.654 [pool-1-thread-4] INFO  c.gateway.service.HealthCheckService - Performing health checks on 7 targets
2026-02-18 21:59:11.654 [pool-1-thread-4] INFO  c.gateway.service.HealthCheckService - Performing health checks on 7 targets
2026-02-18 21:59:41.654 [pool-1-thread-4] INFO  c.gateway.service.HealthCheckService - Performing health checks on 7 targets
2026-02-18 22:00:11.656 [pool-1-thread-4] INFO  c.gateway.service.HealthCheckService - Performing health checks on 7 targets
2026-02-18 22:00:41.655 [pool-1-thread-4] INFO  c.gateway.service.HealthCheckService - Performing health checks on 7 targets
2026-02-18 22:01:11.655 [pool-1-thread-4] INFO  c.gateway.service.HealthCheckService - Performing health checks on 7 targets
2026-02-18 22:01:41.654 [pool-1-thread-4] INFO  c.gateway.service.HealthCheckService - Performing health checks on 7 targets
2026-02-18 22:02:11.656 [pool-1-thread-4] INFO  c.gateway.service.HealthCheckService - Performing health checks on 7 targets
2026-02-18 22:02:41.654 [pool-1-thread-4] INFO  c.gateway.service.HealthCheckService - Performing health checks on 7 targets
2026-02-18 22:03:11.654 [pool-1-thread-4] INFO  c.gateway.service.HealthCheckService - Performing health checks on 7 targets
2026-02-18 22:03:41.655 [pool-1-thread-4] INFO  c.gateway.service.HealthCheckService - Performing health checks on 7 targets
2026-02-18 22:04:11.654 [pool-1-thread-4] INFO  c.gateway.service.HealthCheckService - Performing health checks on 7 targets
2026-02-18 22:04:41.655 [pool-1-thread-4] INFO  c.gateway.service.HealthCheckService - Performing health checks on 7 targets
2026-02-18 22:05:11.654 [pool-1-thread-4] INFO  c.gateway.service.HealthCheckService - Performing health checks on 7 targets
2026-02-18 22:05:41.655 [pool-1-thread-4] INFO  c.gateway.service.HealthCheckService - Performing health checks on 7 targets
2026-02-18 22:06:11.657 [pool-1-thread-4] INFO  c.gateway.service.HealthCheckService - Performing health checks on 7 targets
2026-02-18 22:06:41.655 [pool-1-thread-4] INFO  c.gateway.service.HealthCheckService - Performing health checks on 7 targets
2026-02-18 22:07:11.655 [pool-1-thread-4] INFO  c.gateway.service.HealthCheckService - Performing health checks on 7 targets
2026-02-18 22:07:41.655 [pool-1-thread-4] INFO  c.gateway.service.HealthCheckService - Performing health checks on 7 targets
2026-02-18 22:08:11.655 [pool-1-thread-4] INFO  c.gateway.service.HealthCheckService - Performing health checks on 7 targets
2026-02-18 22:08:41.655 [pool-1-thread-4] INFO  c.gateway.service.HealthCheckService - Performing health checks on 7 targets
2026-02-18 22:09:11.655 [pool-1-thread-4] INFO  c.gateway.service.HealthCheckService - Performing health checks on 7 targets
2026-02-18 22:09:41.654 [pool-1-thread-4] INFO  c.gateway.service.HealthCheckService - Performing health checks on 7 targets
2026-02-18 22:10:11.655 [pool-1-thread-4] INFO  c.gateway.service.HealthCheckService - Performing health checks on 7 targets
2026-02-18 22:10:41.655 [pool-1-thread-4] INFO  c.gateway.service.HealthCheckService - Performing health checks on 7 targets
2026-02-18 22:11:11.654 [pool-1-thread-4] INFO  c.gateway.service.HealthCheckService - Performing health checks on 7 targets
2026-02-18 22:11:41.654 [pool-1-thread-4] INFO  c.gateway.service.HealthCheckService - Performing health checks on 7 targets
2026-02-18 22:12:11.655 [pool-1-thread-4] INFO  c.gateway.service.HealthCheckService - Performing health checks on 7 targets
2026-02-18 22:12:41.655 [pool-1-thread-4] INFO  c.gateway.service.HealthCheckService - Performing health checks on 7 targets
2026-02-18 22:13:11.654 [pool-1-thread-4] INFO  c.gateway.service.HealthCheckService - Performing health checks on 7 targets
2026-02-18 22:13:41.655 [pool-1-thread-4] INFO  c.gateway.service.HealthCheckService - Performing health checks on 7 targets
2026-02-18 22:14:11.655 [pool-1-thread-4] INFO  c.gateway.service.HealthCheckService - Performing health checks on 7 targets
2026-02-18 22:14:41.655 [pool-1-thread-4] INFO  c.gateway.service.HealthCheckService - Performing health checks on 7 targets
2026-02-18 22:15:11.654 [pool-1-thread-4] INFO  c.gateway.service.HealthCheckService - Performing health checks on 7 targets
2026-02-18 22:15:41.654 [pool-1-thread-4] INFO  c.gateway.service.HealthCheckService - Performing health checks on 7 targets
2026-02-18 22:16:11.654 [pool-1-thread-4] INFO  c.gateway.service.HealthCheckService - Performing health checks on 7 targets
2026-02-18 22:16:41.654 [pool-1-thread-4] INFO  c.gateway.service.HealthCheckService - Performing health checks on 7 targets
2026-02-18 22:17:11.658 [pool-1-thread-4] INFO  c.gateway.service.HealthCheckService - Performing health checks on 7 targets
2026-02-18 22:17:41.654 [pool-1-thread-4] INFO  c.gateway.service.HealthCheckService - Performing health checks on 7 targets
2026-02-18 22:18:11.654 [pool-1-thread-4] INFO  c.gateway.service.HealthCheckService - Performing health checks on 7 targets
2026-02-18 22:18:41.656 [pool-1-thread-4] INFO  c.gateway.service.HealthCheckService - Performing health checks on 7 targets
2026-02-18 22:19:11.655 [pool-1-thread-4] INFO  c.gateway.service.HealthCheckService - Performing health checks on 7 targets
2026-02-18 22:19:41.654 [pool-1-thread-4] INFO  c.gateway.service.HealthCheckService - Performing health checks on 7 targets
2026-02-18 22:20:11.655 [pool-1-thread-4] INFO  c.gateway.service.HealthCheckService - Performing health checks on 7 targets
2026-02-18 22:20:41.655 [pool-1-thread-4] INFO  c.gateway.service.HealthCheckService - Performing health checks on 7 targets
2026-02-18 22:21:11.654 [pool-1-thread-4] INFO  c.gateway.service.HealthCheckService - Performing health checks on 7 targets
2026-02-18 22:21:41.655 [pool-1-thread-4] INFO  c.gateway.service.HealthCheckService - Performing health checks on 7 targets
2026-02-18 22:22:11.655 [pool-1-thread-4] INFO  c.gateway.service.HealthCheckService - Performing health checks on 7 targets
2026-02-18 22:22:41.655 [pool-1-thread-4] INFO  c.gateway.service.HealthCheckService - Performing health checks on 7 targets
2026-02-18 22:23:11.654 [pool-1-thread-4] INFO  c.gateway.service.HealthCheckService - Performing health checks on 7 targets
2026-02-18 22:23:41.655 [pool-1-thread-4] INFO  c.gateway.service.HealthCheckService - Performing health checks on 7 targets
2026-02-18 22:24:11.654 [pool-1-thread-4] INFO  c.gateway.service.HealthCheckService - Performing health checks on 7 targets
2026-02-18 22:24:41.656 [pool-1-thread-4] INFO  c.gateway.service.HealthCheckService - Performing health checks on 7 targets
2026-02-18 22:25:11.659 [pool-1-thread-4] INFO  c.gateway.service.HealthCheckService - Performing health checks on 7 targets
2026-02-18 22:25:41.655 [pool-1-thread-4] INFO  c.gateway.service.HealthCheckService - Performing health checks on 7 targets
2026-02-18 22:26:11.655 [pool-1-thread-4] INFO  c.gateway.service.HealthCheckService - Performing health checks on 7 targets
2026-02-18 22:26:41.654 [pool-1-thread-4] INFO  c.gateway.service.HealthCheckService - Performing health checks on 7 targets
2026-02-18 22:27:11.654 [pool-1-thread-4] INFO  c.gateway.service.HealthCheckService - Performing health checks on 7 targets
2026-02-18 22:27:41.654 [pool-1-thread-4] INFO  c.gateway.service.HealthCheckService - Performing health checks on 7 targets
2026-02-18 22:28:11.654 [pool-1-thread-4] INFO  c.gateway.service.HealthCheckService - Performing health checks on 7 targets
2026-02-18 22:28:41.654 [pool-1-thread-4] INFO  c.gateway.service.HealthCheckService - Performing health checks on 7 targets
2026-02-18 22:29:11.662 [pool-1-thread-4] INFO  c.gateway.service.HealthCheckService - Performing health checks on 7 targets
2026-02-18 22:29:41.655 [pool-1-thread-4] INFO  c.gateway.service.HealthCheckService - Performing health checks on 7 targets
2026-02-18 22:30:11.656 [pool-1-thread-4] INFO  c.gateway.service.HealthCheckService - Performing health checks on 7 targets
2026-02-18 22:30:41.655 [pool-1-thread-4] INFO  c.gateway.service.HealthCheckService - Performing health checks on 7 targets
2026-02-18 22:31:11.655 [pool-1-thread-4] INFO  c.gateway.service.HealthCheckService - Performing health checks on 7 targets
2026-02-18 22:31:41.654 [pool-1-thread-4] INFO  c.gateway.service.HealthCheckService - Performing health checks on 7 targets
2026-02-18 22:32:11.655 [pool-1-thread-4] INFO  c.gateway.service.HealthCheckService - Performing health checks on 7 targets
2026-02-18 22:32:41.655 [pool-1-thread-4] INFO  c.gateway.service.HealthCheckService - Performing health checks on 7 targets
2026-02-18 22:33:11.657 [pool-1-thread-4] INFO  c.gateway.service.HealthCheckService - Performing health checks on 7 targets
2026-02-18 22:33:41.655 [pool-1-thread-4] INFO  c.gateway.service.HealthCheckService - Performing health checks on 7 targets
2026-02-18 22:34:11.655 [pool-1-thread-4] INFO  c.gateway.service.HealthCheckService - Performing health checks on 7 targets
2026-02-18 22:34:41.655 [pool-1-thread-4] INFO  c.gateway.service.HealthCheckService - Performing health checks on 7 targets
2026-02-18 22:35:11.657 [pool-1-thread-4] INFO  c.gateway.service.HealthCheckService - Performing health checks on 7 targets
2026-02-18 22:35:41.655 [pool-1-thread-4] INFO  c.gateway.service.HealthCheckService - Performing health checks on 7 targets
2026-02-18 22:36:11.654 [pool-1-thread-4] INFO  c.gateway.service.HealthCheckService - Performing health checks on 7 targets
2026-02-18 22:36:41.655 [pool-1-thread-4] INFO  c.gateway.service.HealthCheckService - Performing health checks on 7 targets
2026-02-18 22:37:11.655 [pool-1-thread-4] INFO  c.gateway.service.HealthCheckService - Performing health checks on 7 targets
2026-02-18 22:37:41.654 [pool-1-thread-4] INFO  c.gateway.service.HealthCheckService - Performing health checks on 7 targets
2026-02-18 22:38:11.655 [pool-1-thread-4] INFO  c.gateway.service.HealthCheckService - Performing health checks on 7 targets
2026-02-18 22:38:41.655 [pool-1-thread-4] INFO  c.gateway.service.HealthCheckService - Performing health checks on 7 targets
2026-02-18 22:39:11.655 [pool-1-thread-4] INFO  c.gateway.service.HealthCheckService - Performing health checks on 7 targets
2026-02-18 22:39:41.654 [pool-1-thread-4] INFO  c.gateway.service.HealthCheckService - Performing health checks on 7 targets
2026-02-18 22:40:11.655 [pool-1-thread-4] INFO  c.gateway.service.HealthCheckService - Performing health checks on 7 targets
2026-02-18 22:40:41.654 [pool-1-thread-4] INFO  c.gateway.service.HealthCheckService - Performing health checks on 7 targets
2026-02-18 22:41:11.656 [pool-1-thread-4] INFO  c.gateway.service.HealthCheckService - Performing health checks on 7 targets
2026-02-18 22:41:41.654 [pool-1-thread-4] INFO  c.gateway.service.HealthCheckService - Performing health checks on 7 targets
2026-02-18 22:42:11.654 [pool-1-thread-4] INFO  c.gateway.service.HealthCheckService - Performing health checks on 7 targets
2026-02-18 22:42:41.654 [pool-1-thread-4] INFO  c.gateway.service.HealthCheckService - Performing health checks on 7 targets
2026-02-18 22:43:11.655 [pool-1-thread-1] INFO  c.gateway.service.HealthCheckService - Performing health checks on 7 targets
2026-02-18 22:43:41.654 [pool-1-thread-1] INFO  c.gateway.service.HealthCheckService - Performing health checks on 7 targets
2026-02-18 22:44:11.654 [pool-1-thread-1] INFO  c.gateway.service.HealthCheckService - Performing health checks on 7 targets
2026-02-18 22:44:41.654 [pool-1-thread-1] INFO  c.gateway.service.HealthCheckService - Performing health checks on 7 targets
2026-02-18 22:45:11.654 [pool-1-thread-1] INFO  c.gateway.service.HealthCheckService - Performing health checks on 7 targets
2026-02-18 22:45:41.654 [pool-1-thread-1] INFO  c.gateway.service.HealthCheckService - Performing health checks on 7 targets
2026-02-18 22:46:11.655 [pool-1-thread-1] INFO  c.gateway.service.HealthCheckService - Performing health checks on 7 targets
2026-02-18 22:46:41.656 [pool-1-thread-1] INFO  c.gateway.service.HealthCheckService - Performing health checks on 7 targets
2026-02-18 22:47:11.654 [pool-1-thread-1] INFO  c.gateway.service.HealthCheckService - Performing health checks on 7 targets
2026-02-18 22:47:41.655 [pool-1-thread-1] INFO  c.gateway.service.HealthCheckService - Performing health checks on 7 targets
2026-02-18 22:48:11.655 [pool-1-thread-1] INFO  c.gateway.service.HealthCheckService - Performing health checks on 7 targets
2026-02-18 22:48:41.654 [pool-1-thread-1] INFO  c.gateway.service.HealthCheckService - Performing health checks on 7 targets
2026-02-18 22:49:11.654 [pool-1-thread-1] INFO  c.gateway.service.HealthCheckService - Performing health checks on 7 targets
2026-02-18 22:49:41.655 [pool-1-thread-5] INFO  c.gateway.service.HealthCheckService - Performing health checks on 7 targets
2026-02-18 22:50:11.654 [pool-1-thread-5] INFO  c.gateway.service.HealthCheckService - Performing health checks on 7 targets
2026-02-18 22:50:41.654 [pool-1-thread-5] INFO  c.gateway.service.HealthCheckService - Performing health checks on 7 targets
2026-02-18 22:51:11.655 [pool-1-thread-5] INFO  c.gateway.service.HealthCheckService - Performing health checks on 7 targets
